<?xml version="1.0" encoding="UTF-8"?>
<!-- Generated by org.testng.reporters.JUnitReportReporter -->
<testsuite hostname="MONO-HYD-LAP-12" name="RunTimePolymorphism.Example" tests="1" failures="0" timestamp="6 Aug 2019 09:13:54 GMT" time="0.015" errors="0">
  <testcase name="f" time="0.015" classname="RunTimePolymorphism.Example"/>
</testsuite> <!-- RunTimePolymorphism.Example -->
