<?xml version="1.0" encoding="UTF-8"?>
<!-- Generated by org.testng.reporters.JUnitReportReporter -->
<testsuite hostname="MONO-HYD-LAP-12" name="StringExamples.Example3_Find_First_And_Last_Character" tests="1" failures="0" timestamp="6 Aug 2019 10:12:39 GMT" time="0.008" errors="0">
  <testcase name="f" time="0.008" classname="StringExamples.Example3_Find_First_And_Last_Character"/>
</testsuite> <!-- StringExamples.Example3_Find_First_And_Last_Character -->
