<?xml version="1.0" encoding="UTF-8"?>
<!-- Generated by org.testng.reporters.JUnitReportReporter -->
<testsuite hostname="MONO-HYD-LAP-12" name="stringsInterviewProgram.Exampl2" tests="1" failures="0" timestamp="31 Aug 2019 14:14:27 GMT" time="0.008" errors="0">
  <testcase name="f" time="0.008" classname="stringsInterviewProgram.Exampl2"/>
</testsuite> <!-- stringsInterviewProgram.Exampl2 -->
