<?xml version="1.0" encoding="UTF-8"?>
<!-- Generated by org.testng.reporters.JUnitReportReporter -->
<testsuite hostname="MONO-HYD-LAP-12" name="StringExamples.Example" tests="1" failures="0" timestamp="6 Aug 2019 19:05:14 GMT" time="57.291" errors="0">
  <testcase name="f" time="57.291" classname="StringExamples.Example"/>
</testsuite> <!-- StringExamples.Example -->
