<?xml version="1.0" encoding="UTF-8"?>
<!-- Generated by org.testng.reporters.JUnitReportReporter -->
<testsuite hostname="MONO-HYD-LAP-12" name="StringExamples.HowManyTimesTComes_OR_CountingFrequencyOfCharacters" tests="1" failures="0" timestamp="6 Aug 2019 10:00:55 GMT" time="0.009" errors="0">
  <testcase name="f" time="0.009" classname="StringExamples.HowManyTimesTComes_OR_CountingFrequencyOfCharacters"/>
</testsuite> <!-- StringExamples.HowManyTimesTComes_OR_CountingFrequencyOfCharacters -->
