<?xml version="1.0" encoding="UTF-8"?>
<!-- Generated by org.testng.reporters.JUnitReportReporter -->
<testsuite hostname="MONO-HYD-LAP-12" name="stringsInterviewProgram.Example" tests="1" failures="0" timestamp="17 Aug 2019 15:54:46 GMT" time="0.004" errors="0">
  <testcase name="f" time="0.004" classname="stringsInterviewProgram.Example"/>
</testsuite> <!-- stringsInterviewProgram.Example -->
