<?xml version="1.0" encoding="UTF-8"?>
<!-- Generated by org.testng.reporters.JUnitReportReporter -->
<testsuite hostname="MONO-HYD-LAP-12" name="StringExamples.Example4_PrintingAll_Odd_Elements_AssendingOrder" tests="1" failures="0" timestamp="6 Aug 2019 10:21:59 GMT" time="0.009" errors="0">
  <testcase name="f" time="0.009" classname="StringExamples.Example4_PrintingAll_Odd_Elements_AssendingOrder"/>
</testsuite> <!-- StringExamples.Example4_PrintingAll_Odd_Elements_AssendingOrder -->
